<?xml version="1.0" encoding="UTF-8"?>
<testng-results skipped="0" failed="0" total="2" passed="2">
  <reporter-output>
  </reporter-output>
  <suite name="Suite" duration-ms="133" started-at="2013-12-15T23:17:37Z" finished-at="2013-12-15T23:17:38Z">
    <groups>
    </groups>
    <test name="Default test" duration-ms="133" started-at="2013-12-15T23:17:37Z" finished-at="2013-12-15T23:17:38Z">
      <class name="qa.dataprovider.ParametersTest">
        <test-method status="PASS" signature="printHorizontal(qa.dataprovider.def.TestArguments)[pri:0, instance:qa.dataprovider.ParametersTest@2d0a238e]" name="printHorizontal" duration-ms="10" started-at="2013-12-15T15:17:38Z" data-provider="testdata" finished-at="2013-12-15T15:17:38Z">
          <params>
            <param index="0">
              <value>
                <![CDATA[[{enabled, java.lang.Boolean, true}, {testname, java.lang.String, Test 2}, {environment, java.lang.String, portal2}, {testlocale, java.lang.String, Local}, {browser, java.lang.String, Chrome}, {url, java.lang.String, http://yelp.com}]]]>
              </value>
            </param>
          </params>
          <reporter-output>
          </reporter-output>
        </test-method> <!-- printHorizontal -->
        <test-method status="PASS" signature="printVertical(qa.dataprovider.def.TestArguments)[pri:0, instance:qa.dataprovider.ParametersTest@2d0a238e]" name="printVertical" duration-ms="1" started-at="2013-12-15T15:17:38Z" data-provider="testdata" finished-at="2013-12-15T15:17:38Z">
          <params>
            <param index="0">
              <value>
                <![CDATA[[{enabled, java.lang.Boolean, true}, {testname, java.lang.String, Test 2}, {environment, java.lang.String, portal2}, {testlocale, java.lang.String, Local}, {browser, java.lang.String, Chrome}, {url, java.lang.String, http://yelp.com}]]]>
              </value>
            </param>
          </params>
          <reporter-output>
          </reporter-output>
        </test-method> <!-- printVertical -->
      </class> <!-- qa.dataprovider.ParametersTest -->
    </test> <!-- Default test -->
  </suite> <!-- Suite -->
</testng-results>
